{"name": "Проверка номера оформленного заказа в разделе В работе.", "status": "broken", "statusDetails": {"message": "selenium.common.exceptions.TimeoutException: Message: \nStacktrace:\nRemoteError@chrome://remote/content/shared/RemoteError.sys.mjs:8:8\nWebDriverError@chrome://remote/content/shared/webdriver/Errors.sys.mjs:197:5\nNoSuchElementError@chrome://remote/content/shared/webdriver/Errors.sys.mjs:527:5\ndom.find/</<@chrome://remote/content/shared/DOM.sys.mjs:136:16", "trace": "self = <tests.test_feed.TestFeedPage object at 0x7f6b9f5466a0>\ndriver = <selenium.webdriver.firefox.webdriver.WebDriver (session=\"8cd1df63-65c4-4feb-b04e-fcf391651874\")>\nuser = {'email': 'rdvwy@ya.ru', 'name': 'jykhsvswfr', 'password': 'nqbgnuxb'}\n\n    @title(\"Проверка номера оформленного заказа в разделе В работе.\")\n    def test_order_in_progress(self, driver, user):\n        login_page = LoginPage(driver)\n        login_page.login(user[\"email\"], user[\"password\"])\n    \n        page = MainPage(driver)\n>       page.add_buns_to_order()\n\ntests/test_feed.py:72: \n_ _ _ _ _ _ _ _ _ _ _ _ _ _ _ _ _ _ _ _ _ _ _ _ _ _ _ _ _ _ _ _ _ _ _ _ _ _ _ _ _ _ _ _ _ _ _ _ _ _ _ _ _ _ _ _ _ _ _ _ _ _ _ _ _ _ _ _ _ _ _ _ _ _ _ _ _ _ _ _ _ \npages/main_page.py:42: in add_buns_to_order\n    self.wait_for_load_element(MainPageLocators.BUN_IN_ORDER)\npages/base_page.py:15: in wait_for_load_element\n    WebDriverWait(self.driver,TIMEOUT).until(\n_ _ _ _ _ _ _ _ _ _ _ _ _ _ _ _ _ _ _ _ _ _ _ _ _ _ _ _ _ _ _ _ _ _ _ _ _ _ _ _ _ _ _ _ _ _ _ _ _ _ _ _ _ _ _ _ _ _ _ _ _ _ _ _ _ _ _ _ _ _ _ _ _ _ _ _ _ _ _ _ _ \n\nself = <selenium.webdriver.support.wait.WebDriverWait (session=\"8cd1df63-65c4-4feb-b04e-fcf391651874\")>\nmethod = <function visibility_of_element_located.<locals>._predicate at 0x7f6b9f3c9f70>, message = ''\n\n    def until(self, method: Callable[[D], Union[Literal[False], T]], message: str = \"\") -> T:\n        \"\"\"Calls the method provided with the driver as an argument until the \\\n        return value does not evaluate to ``False``.\n    \n        :param method: callable(WebDriver)\n        :param message: optional message for :exc:`TimeoutException`\n        :returns: the result of the last call to `method`\n        :raises: :exc:`selenium.common.exceptions.TimeoutException` if timeout occurs\n        \"\"\"\n        screen = None\n        stacktrace = None\n    \n        end_time = time.monotonic() + self._timeout\n        while True:\n            try:\n                value = method(self._driver)\n                if value:\n                    return value\n            except self._ignored_exceptions as exc:\n                screen = getattr(exc, \"screen\", None)\n                stacktrace = getattr(exc, \"stacktrace\", None)\n            if time.monotonic() > end_time:\n                break\n            time.sleep(self._poll)\n>       raise TimeoutException(message, screen, stacktrace)\nE       selenium.common.exceptions.TimeoutException: Message: \nE       Stacktrace:\nE       RemoteError@chrome://remote/content/shared/RemoteError.sys.mjs:8:8\nE       WebDriverError@chrome://remote/content/shared/webdriver/Errors.sys.mjs:197:5\nE       NoSuchElementError@chrome://remote/content/shared/webdriver/Errors.sys.mjs:527:5\nE       dom.find/</<@chrome://remote/content/shared/DOM.sys.mjs:136:16\n\n.venv/lib/python3.8/site-packages/selenium/webdriver/support/wait.py:105: TimeoutException"}, "steps": [{"name": "Логин пользователя", "status": "passed", "parameters": [{"name": "email", "value": "'rdvwy@ya.ru'"}, {"name": "password", "value": "'nqbgnuxb'"}], "start": 1746969729969, "stop": 1746969730497}, {"name": "Добавление булочки в заказ", "status": "broken", "statusDetails": {"message": "selenium.common.exceptions.TimeoutException: Message: \nStacktrace:\nRemoteError@chrome://remote/content/shared/RemoteError.sys.mjs:8:8\nWebDriverError@chrome://remote/content/shared/webdriver/Errors.sys.mjs:197:5\nNoSuchElementError@chrome://remote/content/shared/webdriver/Errors.sys.mjs:527:5\ndom.find/</<@chrome://remote/content/shared/DOM.sys.mjs:136:16\n\n", "trace": "  File \"/home/marina/PycharmProjects/Diplom_3/.venv/lib/python3.8/site-packages/allure_commons/_allure.py\", line 202, in impl\n    return func(*a, **kw)\n  File \"/home/marina/PycharmProjects/Diplom_3/pages/main_page.py\", line 42, in add_buns_to_order\n    self.wait_for_load_element(MainPageLocators.BUN_IN_ORDER)\n  File \"/home/marina/PycharmProjects/Diplom_3/pages/base_page.py\", line 15, in wait_for_load_element\n    WebDriverWait(self.driver,TIMEOUT).until(\n  File \"/home/marina/PycharmProjects/Diplom_3/.venv/lib/python3.8/site-packages/selenium/webdriver/support/wait.py\", line 105, in until\n    raise TimeoutException(message, screen, stacktrace)\n"}, "start": 1746969730987, "stop": 1746969741758}], "attachments": [{"name": "log", "source": "8e728a81-01c9-4fe5-9bce-3cbae4c2bc6e-attachment.txt", "type": "text/plain"}], "parameters": [{"name": "driver", "value": "'firefox'"}], "start": 1746969728463, "stop": 1746969741759, "uuid": "0fc28258-d907-44b5-887d-d45bc0661f1b", "historyId": "5b80d7adeb6fc3d2fc18fd9d3623d04e", "testCaseId": "9e47c1003b60ef1bc031bc2f31a22fb2", "fullName": "tests.test_feed.TestFeedPage#test_order_in_progress", "labels": [{"name": "parentSuite", "value": "tests"}, {"name": "suite", "value": "test_feed"}, {"name": "subSuite", "value": "TestFeedPage"}, {"name": "host", "value": "ws"}, {"name": "thread", "value": "1038636-MainThread"}, {"name": "framework", "value": "pytest"}, {"name": "language", "value": "cpython3"}, {"name": "package", "value": "tests.test_feed"}]}