{"name": "Проверка создания заказа", "status": "broken", "statusDetails": {"message": "selenium.common.exceptions.TimeoutException: Message: \nStacktrace:\nRemoteError@chrome://remote/content/shared/RemoteError.sys.mjs:8:8\nWebDriverError@chrome://remote/content/shared/webdriver/Errors.sys.mjs:197:5\nNoSuchElementError@chrome://remote/content/shared/webdriver/Errors.sys.mjs:527:5\ndom.find/</<@chrome://remote/content/shared/DOM.sys.mjs:136:16", "trace": "self = <tests.test_base.TestBaseFunctionality object at 0x7f6b9f546c10>\ndriver = <selenium.webdriver.firefox.webdriver.WebDriver (session=\"b16482a9-e3d6-463f-940e-9c59a97d69b6\")>\nuser = {'email': 'uzblj@ya.ru', 'name': 'zksggwribk', 'password': 'ppspwmdy'}\n\n    @title(\"Проверка создания заказа\")\n    def test_create_order(self, driver, user):\n        login_page = LoginPage(driver)\n        login_page.login(user[\"email\"], user[\"password\"])\n    \n        page = MainPage(driver)\n>       page.add_buns_to_order()\n\ntests/test_base.py:49: \n_ _ _ _ _ _ _ _ _ _ _ _ _ _ _ _ _ _ _ _ _ _ _ _ _ _ _ _ _ _ _ _ _ _ _ _ _ _ _ _ _ _ _ _ _ _ _ _ _ _ _ _ _ _ _ _ _ _ _ _ _ _ _ _ _ _ _ _ _ _ _ _ _ _ _ _ _ _ _ _ _ \npages/main_page.py:42: in add_buns_to_order\n    self.wait_for_load_element(MainPageLocators.BUN_IN_ORDER)\npages/base_page.py:15: in wait_for_load_element\n    WebDriverWait(self.driver,TIMEOUT).until(\n_ _ _ _ _ _ _ _ _ _ _ _ _ _ _ _ _ _ _ _ _ _ _ _ _ _ _ _ _ _ _ _ _ _ _ _ _ _ _ _ _ _ _ _ _ _ _ _ _ _ _ _ _ _ _ _ _ _ _ _ _ _ _ _ _ _ _ _ _ _ _ _ _ _ _ _ _ _ _ _ _ \n\nself = <selenium.webdriver.support.wait.WebDriverWait (session=\"b16482a9-e3d6-463f-940e-9c59a97d69b6\")>\nmethod = <function visibility_of_element_located.<locals>._predicate at 0x7f6b9f412d30>, message = ''\n\n    def until(self, method: Callable[[D], Union[Literal[False], T]], message: str = \"\") -> T:\n        \"\"\"Calls the method provided with the driver as an argument until the \\\n        return value does not evaluate to ``False``.\n    \n        :param method: callable(WebDriver)\n        :param message: optional message for :exc:`TimeoutException`\n        :returns: the result of the last call to `method`\n        :raises: :exc:`selenium.common.exceptions.TimeoutException` if timeout occurs\n        \"\"\"\n        screen = None\n        stacktrace = None\n    \n        end_time = time.monotonic() + self._timeout\n        while True:\n            try:\n                value = method(self._driver)\n                if value:\n                    return value\n            except self._ignored_exceptions as exc:\n                screen = getattr(exc, \"screen\", None)\n                stacktrace = getattr(exc, \"stacktrace\", None)\n            if time.monotonic() > end_time:\n                break\n            time.sleep(self._poll)\n>       raise TimeoutException(message, screen, stacktrace)\nE       selenium.common.exceptions.TimeoutException: Message: \nE       Stacktrace:\nE       RemoteError@chrome://remote/content/shared/RemoteError.sys.mjs:8:8\nE       WebDriverError@chrome://remote/content/shared/webdriver/Errors.sys.mjs:197:5\nE       NoSuchElementError@chrome://remote/content/shared/webdriver/Errors.sys.mjs:527:5\nE       dom.find/</<@chrome://remote/content/shared/DOM.sys.mjs:136:16\n\n.venv/lib/python3.8/site-packages/selenium/webdriver/support/wait.py:105: TimeoutException"}, "steps": [{"name": "Логин пользователя", "status": "passed", "parameters": [{"name": "email", "value": "'uzblj@ya.ru'"}, {"name": "password", "value": "'ppspwmdy'"}], "start": 1746969602913, "stop": 1746969603432}, {"name": "Добавление булочки в заказ", "status": "broken", "statusDetails": {"message": "selenium.common.exceptions.TimeoutException: Message: \nStacktrace:\nRemoteError@chrome://remote/content/shared/RemoteError.sys.mjs:8:8\nWebDriverError@chrome://remote/content/shared/webdriver/Errors.sys.mjs:197:5\nNoSuchElementError@chrome://remote/content/shared/webdriver/Errors.sys.mjs:527:5\ndom.find/</<@chrome://remote/content/shared/DOM.sys.mjs:136:16\n\n", "trace": "  File \"/home/marina/PycharmProjects/Diplom_3/.venv/lib/python3.8/site-packages/allure_commons/_allure.py\", line 202, in impl\n    return func(*a, **kw)\n  File \"/home/marina/PycharmProjects/Diplom_3/pages/main_page.py\", line 42, in add_buns_to_order\n    self.wait_for_load_element(MainPageLocators.BUN_IN_ORDER)\n  File \"/home/marina/PycharmProjects/Diplom_3/pages/base_page.py\", line 15, in wait_for_load_element\n    WebDriverWait(self.driver,TIMEOUT).until(\n  File \"/home/marina/PycharmProjects/Diplom_3/.venv/lib/python3.8/site-packages/selenium/webdriver/support/wait.py\", line 105, in until\n    raise TimeoutException(message, screen, stacktrace)\n"}, "start": 1746969603935, "stop": 1746969614683}], "attachments": [{"name": "log", "source": "4eaaf38f-3d39-4fd4-8412-c673f7f1c0a0-attachment.txt", "type": "text/plain"}], "parameters": [{"name": "driver", "value": "'firefox'"}], "start": 1746969601426, "stop": 1746969614684, "uuid": "4af6964f-31a4-45d1-bc30-dcdcfc902fba", "historyId": "74e3dfc89a02e6b8346d5fef846fdeda", "testCaseId": "55d709ef773bc2332d238b069b8c5015", "fullName": "tests.test_base.TestBaseFunctionality#test_create_order", "labels": [{"name": "parentSuite", "value": "tests"}, {"name": "suite", "value": "test_base"}, {"name": "subSuite", "value": "TestBaseFunctionality"}, {"name": "host", "value": "ws"}, {"name": "thread", "value": "1038636-MainThread"}, {"name": "framework", "value": "pytest"}, {"name": "language", "value": "cpython3"}, {"name": "package", "value": "tests.test_base"}]}